
C:\tien\PROJEKTY\procesory\STM\T104_V100a_GASTOP\usb_init.o:     file format elf32-littlearm
C:\tien\PROJEKTY\procesory\STM\T104_V100a_GASTOP\usb_init.o

Disassembly of section .text.USB_Init:

00000000 <USB_Init>:
USB_Init():
C:\tien\PROJEKTY\procesory\STM\T104_V100a_GASTOP\usb_library\src/usb_init.c:57
* Output         : None.
* Return         : None.
*******************************************************************************/
void USB_Init(void)
{
  pInformation = &Device_Info;
   0:	4a09      	ldr	r2, [pc, #36]	(28 <USB_Init+0x28>)
   2:	4b0a      	ldr	r3, [pc, #40]	(2c <USB_Init+0x2c>)
C:\tien\PROJEKTY\procesory\STM\T104_V100a_GASTOP\usb_library\src/usb_init.c:59
  pInformation->ControlState = 2;
  pProperty = &Device_Property;
   4:	490a      	ldr	r1, [pc, #40]	(30 <USB_Init+0x30>)
C:\tien\PROJEKTY\procesory\STM\T104_V100a_GASTOP\usb_library\src/usb_init.c:57
* Output         : None.
* Return         : None.
*******************************************************************************/
void USB_Init(void)
{
  pInformation = &Device_Info;
   6:	601a      	str	r2, [r3, #0]
C:\tien\PROJEKTY\procesory\STM\T104_V100a_GASTOP\usb_library\src/usb_init.c:58
  pInformation->ControlState = 2;
   8:	2302      	movs	r3, #2
C:\tien\PROJEKTY\procesory\STM\T104_V100a_GASTOP\usb_library\src/usb_init.c:56
* Input          : None.
* Output         : None.
* Return         : None.
*******************************************************************************/
void USB_Init(void)
{
   a:	b510      	push	{r4, lr}
C:\tien\PROJEKTY\procesory\STM\T104_V100a_GASTOP\usb_library\src/usb_init.c:58
  pInformation = &Device_Info;
  pInformation->ControlState = 2;
   c:	7213      	strb	r3, [r2, #8]
C:\tien\PROJEKTY\procesory\STM\T104_V100a_GASTOP\usb_library\src/usb_init.c:59
  pProperty = &Device_Property;
   e:	4b09      	ldr	r3, [pc, #36]	(34 <USB_Init+0x34>)
C:\tien\PROJEKTY\procesory\STM\T104_V100a_GASTOP\usb_library\src/usb_init.c:60
  pUser_Standard_Requests = &User_Standard_Requests;
  10:	4a09      	ldr	r2, [pc, #36]	(38 <USB_Init+0x38>)
C:\tien\PROJEKTY\procesory\STM\T104_V100a_GASTOP\usb_library\src/usb_init.c:59
*******************************************************************************/
void USB_Init(void)
{
  pInformation = &Device_Info;
  pInformation->ControlState = 2;
  pProperty = &Device_Property;
  12:	6019      	str	r1, [r3, #0]
C:\tien\PROJEKTY\procesory\STM\T104_V100a_GASTOP\usb_library\src/usb_init.c:60
  pUser_Standard_Requests = &User_Standard_Requests;
  14:	4b09      	ldr	r3, [pc, #36]	(3c <USB_Init+0x3c>)
  16:	601a      	str	r2, [r3, #0]
C:\tien\PROJEKTY\procesory\STM\T104_V100a_GASTOP\usb_library\src/usb_init.c:62
  /* Initialize devices one by one */
  pProperty->Init();
  18:	680b      	ldr	r3, [r1, #0]
  1a:	4798      	blx	r3
C:\tien\PROJEKTY\procesory\STM\T104_V100a_GASTOP\usb_library\src/usb_init.c:64

    Lcd_Write_Text ( USB1_Text );           
  1c:	4b08      	ldr	r3, [pc, #32]	(40 <USB_Init+0x40>)
  1e:	6818      	ldr	r0, [r3, #0]
  20:	f7ff fffe 	bl	0 <Lcd_Write_Text>
C:\tien\PROJEKTY\procesory\STM\T104_V100a_GASTOP\usb_library\src/usb_init.c:66

}
  24:	bd10      	pop	{r4, pc}
  26:	46c0      	nop			(mov r8, r8)
	...
